#
# A fatal error has been detected by the Java Runtime Environment:
#
#  EXCEPTION_ACCESS_VIOLATION (0xc0000005) at pc=0x0000017152d06624, pid=2000, tid=17376
#
# JRE version: OpenJDK Runtime Environment Temurin-21.0.5+11 (21.0.5+11) (build 21.0.5+11-LTS)
# Java VM: OpenJDK 64-Bit Server VM Temurin-21.0.5+11 (21.0.5+11-LTS, mixed mode, sharing, tiered, compressed oops, compressed class ptrs, g1 gc, windows-amd64)
# Problematic frame:
# v  ~BufferBlob::MethodHandles adapters 0x0000017152d06624
#
# No core dump will be written. Minidumps are not enabled by default on client versions of Windows
#
# If you would like to submit a bug report, please visit:
#   https://github.com/adoptium/adoptium-support/issues
#

---------------  S U M M A R Y ------------

Command Line: -XX:+ShowCodeDetailsInExceptionMessages -agentlib:jdwp=transport=dt_socket,suspend=y,address=localhost:49622 -javaagent:C:\eclipse\configuration\org.eclipse.osgi\444\0\.cp\lib\javaagent-shaded.jar -Dfile.encoding=UTF-8 -Dstdout.encoding=UTF-8 -Dstderr.encoding=UTF-8 com.rahamathcodes.Books_Management.BooksManagementApplication

Host: Intel(R) Core(TM) i7-7600U CPU @ 2.80GHz, 4 cores, 15G,  Windows 10 , 64 bit Build 19041 (10.0.19041.5915)
Time: Mon Jul 28 10:22:38 2025 India Standard Time elapsed time: 362.643697 seconds (0d 0h 6m 2s)

---------------  T H R E A D  ---------------

Current thread (0x000001716e916060):  JavaThread "http-nio-8080-exec-1" daemon [_thread_in_Java, id=17376, stack(0x0000000122200000,0x0000000122300000) (1024K)]

Stack: [0x0000000122200000,0x0000000122300000],  sp=0x00000001222fb818,  free space=1006k
Native frames: (J=compiled Java code, j=interpreted, Vv=VM code, C=native code)
C  0x0000017152d06624

The last pc belongs to _linkToVirtual (printed below).

siginfo: EXCEPTION_ACCESS_VIOLATION (0xc0000005), reading address 0x00000178045c1602


Registers:
RAX=0x0000017152cb96b9, RBX=0x0000000703fd8710, RCX=0x00000001222fb820, RDX=0x0000000000000002
RSP=0x00000001222fb818, RBP=0x00000001222fb868, RSI=0x000001716747b788, RDI=0x00000171676fe9c0
R8 =0x0000000000000004, R9 =0x0000000000000004, R10=0x00000171007295a2, R11=0x00000000e07d2fd4
R12=0x0000000000000000, R13=0x00000001222fb818, R14=0x00000001222fb888, R15=0x000001716e916060
RIP=0x0000017152d06624, EFLAGS=0x0000000000010202


Register to memory mapping:

RAX=0x0000017152cb96b9 is at code_begin+4665 in an Interpreter codelet
return entry points  [0x0000017152cb8480, 0x0000017152cba590]  8464 bytes
RBX=0x0000000703fd8710 is an oop: com.rahamathcodes.Books_Management.controller.UserController 
{0x0000000703fd8710} - klass: 'com/rahamathcodes/Books_Management/controller/UserController'
 - ---- fields (total size 3 words):
 - 'userService' 'Lcom/rahamathcodes/Books_Management/service/UserService;' @12  a 'com/rahamathcodes/Books_Management/service/UserService'{0x0000000703fd8728} (0xe07fb0e5)
 - private 'passwordEncoder' 'Lorg/springframework/security/crypto/bcrypt/BCryptPasswordEncoder;' @16  a 'org/springframework/security/crypto/bcrypt/BCryptPasswordEncoder'{0x0000000703e97ea0} (0xe07d2fd4)
RCX=0x00000001222fb820 is pointing into the stack for thread: 0x000001716e916060
RDX=0x0000000000000002 is an unknown value
RSP=0x00000001222fb818 is pointing into the stack for thread: 0x000001716e916060
RBP=0x00000001222fb868 is pointing into the stack for thread: 0x000001716e916060
RSI=0x000001716747b788 points into unknown readable memory: 0x800007000c7bfca6 | a6 fc 7b 0c 00 07 00 80
RDI=0x00000171676fe9c0 points into unknown readable memory: 0x0000001800000060 | 60 00 00 00 18 00 00 00
R8 =0x0000000000000004 is an unknown value
R9 =0x0000000000000004 is an unknown value
R10=0x00000171007295a2 is pointing into metadata
R11=3766300628 is a compressed pointer to object: org.springframework.security.crypto.bcrypt.BCryptPasswordEncoder 
{0x0000000703e97ea0} - klass: 'org/springframework/security/crypto/bcrypt/BCryptPasswordEncoder'
 - ---- fields (total size 4 words):
 - private final 'strength' 'I' @12  12 (0x0000000c)
 - private 'BCRYPT_PATTERN' 'Ljava/util/regex/Pattern;' @16  a 'java/util/regex/Pattern'{0x0000000703e97ec0} (0xe07d2fd8)
 - private final 'logger' 'Lorg/apache/commons/logging/Log;' @20  a 'org/apache/commons/logging/LogAdapter$Slf4jLocationAwareLog'{0x0000000703e98380} (0xe07d3070)
 - private final 'version' 'Lorg/springframework/security/crypto/bcrypt/BCryptPasswordEncoder$BCryptVersion;' @24  a 'org/springframework/security/crypto/bcrypt/BCryptPasswordEncoder$BCryptVersion'{0x0000000703e98398} (0xe07d3073)
 - private final 'random' 'Ljava/security/SecureRandom;' @28  null (0x00000000)
R12=0x0 is null
R13=0x00000001222fb818 is pointing into the stack for thread: 0x000001716e916060
R14=0x00000001222fb888 is pointing into the stack for thread: 0x000001716e916060
R15=0x000001716e916060 is a thread

Top of Stack: (sp=0x00000001222fb818)
0x00000001222fb818:   0000017152cb96b9 00000001222fb820
0x00000001222fb828:   00000171007295a2 0000000000000004
0x00000001222fb838:   00000171000b0fd8 0000017164d5b298
0x00000001222fb848:   00000007020f7998 00000171000b3b28
0x00000001222fb858:   00000001222fb818 00000001222fb890
0x00000001222fb868:   00000001222fbba8 000001714bcf3250
0x00000001222fb878:   00000007052604a8 0000000703fd8710
0x00000001222fb888:   0000000705260638 00000001222fbba8
0x00000001222fb898:   000001714c2abe0c 00000007025cb558
0x00000001222fb8a8:   0000000705260808 0000000703fd8710
0x00000001222fb8b8:   00000007052607b8 0000000705260638
0x00000001222fb8c8:   0000000703fd8710 000001714bcf3104
0x00000001222fb8d8:   00007ff9157051a5 00000001222fbba8
0x00000001222fb8e8:   000001714c1d5e13 00000001222fb310
0x00000001222fb8f8:   000001714ba9a64c 0000000700000000
0x00000001222fb908:   0000000703ea5840 00000007025cb558
0x00000001222fb918:   0000000705260808 00000007025cb558
0x00000001222fb928:   0000000703e77f08 0000000703ea5488
0x00000001222fb938:   0000017152cb96b9 00000001222fbba8
0x00000001222fb948:   000001714c1a6a14 00000007052602e0
0x00000001222fb958:   0000000100000001 00000001222fbba8
0x00000001222fb968:   000001714c2ab794 0000000000000000
0x00000001222fb978:   0000000000000000 0000000000000000
0x00000001222fb988:   0000000000000000 0000000000000000
0x00000001222fb998:   0000000000000000 0000000705260830
0x00000001222fb9a8:   00000007052298f8 0000000703fd8710
0x00000001222fb9b8:   0000000705260100 0000000703ea5840
0x00000001222fb9c8:   00000007020f0738 0000000703ea5840
0x00000001222fb9d8:   0000000700000000 0000000000000008
0x00000001222fb9e8:   0000000705260830 00000001222fbba8
0x00000001222fb9f8:   000001714c2b42fa 0000000703ea5840
0x00000001222fba08:   0000000705260808 00000001222fbba8 

Instructions: (pc=0x0000017152d06624)
0x0000017152d06524:   71 01 00 00 80 65 d0 52 71 01 00 00 00 76 d0 52
0x0000017152d06534:   71 01 00 00 70 65 d0 52 71 01 00 00 70 65 d0 52
0x0000017152d06544:   71 01 00 00 00 00 00 00 00 00 00 00 f8 76 ce 15
0x0000017152d06554:   f9 7f 00 00 f0 10 00 00 60 00 00 00 ff ff ff ff
0x0000017152d06564:   f0 10 00 00 00 00 00 00 00 00 00 00 00 00 00 00
0x0000017152d06574:   00 00 00 00 00 00 00 00 00 00 00 00 f4 66 66 66
0x0000017152d06584:   0f 1f 84 00 00 00 00 00 66 66 66 90 66 66 66 0f
0x0000017152d06594:   1f 84 00 00 00 00 00 66 66 66 90 90 48 8b 53 08
0x0000017152d065a4:   0f b7 52 2e 48 8b 0c d4 8b 59 14 48 c1 e3 03 8b
0x0000017152d065b4:   5b 28 48 c1 e3 03 8b 5b 24 48 c1 e3 03 48 8b 5b
0x0000017152d065c4:   10 48 85 db 0f 84 10 00 00 00 41 80 bf d8 05 00
0x0000017152d065d4:   00 00 74 03 ff 63 38 ff 63 50 e9 1d c0 fd ff 66
0x0000017152d065e4:   66 66 0f 1f 84 00 00 00 00 00 66 66 66 90 66 66
0x0000017152d065f4:   0f 1f 84 00 00 00 00 00 66 66 66 90 48 8b 53 08
0x0000017152d06604:   0f b7 52 2e 48 8b 0c d4 58 5b 50 44 8b 51 08 49
0x0000017152d06614:   bb 00 00 00 00 71 01 00 00 4d 03 d3 4c 8b 5b 10
0x0000017152d06624:   4b 8b 9c da c0 01 00 00 48 85 db 0f 84 10 00 00
0x0000017152d06634:   00 41 80 bf d8 05 00 00 00 74 03 ff 63 38 ff 63
0x0000017152d06644:   50 e9 b6 bf fd ff 66 66 66 0f 1f 84 00 00 00 00
0x0000017152d06654:   00 66 66 66 90 0f 1f 80 00 00 00 00 58 5b 50 8b
0x0000017152d06664:   5b 24 48 c1 e3 03 48 8b 5b 10 48 85 db 0f 84 10
0x0000017152d06674:   00 00 00 41 80 bf d8 05 00 00 00 74 03 ff 63 38
0x0000017152d06684:   ff 63 50 e9 74 bf fd ff 66 66 66 0f 1f 84 00 00
0x0000017152d06694:   00 00 00 66 66 66 90 0f 1f 44 00 00 48 8b 53 08
0x0000017152d066a4:   0f b7 52 2e 48 8b 0c d4 58 5b 50 48 3b 01 8b 5b
0x0000017152d066b4:   24 48 c1 e3 03 48 8b 5b 10 48 85 db 0f 84 10 00
0x0000017152d066c4:   00 00 41 80 bf d8 05 00 00 00 74 03 ff 63 38 ff
0x0000017152d066d4:   63 50 e9 25 bf fd ff 0f 1f 44 00 00 48 8b 53 08
0x0000017152d066e4:   0f b7 52 2e 48 8b 0c d4 58 5b 50 44 8b 51 08 49
0x0000017152d066f4:   bb 00 00 00 00 71 01 00 00 4d 03 d3 8b 43 18 48
0x0000017152d06704:   c1 e0 03 48 8b 40 10 48 8b 5b 10 45 8b 9a a0 00
0x0000017152d06714:   00 00 4f 8d 9c da c0 01 00 00 4d 8d 14 da 49 8b 


Stack slot to memory mapping:

stack at sp + 0 slots: 0x0000017152cb96b9 is at code_begin+4665 in an Interpreter codelet
return entry points  [0x0000017152cb8480, 0x0000017152cba590]  8464 bytes
stack at sp + 1 slots: 0x00000001222fb820 is pointing into the stack for thread: 0x000001716e916060
stack at sp + 2 slots: 0x00000171007295a2 is pointing into metadata
stack at sp + 3 slots: 0x0000000000000004 is an unknown value
stack at sp + 4 slots: 0x00000171000b0fd8 is pointing into metadata
stack at sp + 5 slots: 0x0000017164d5b298 is pointing into metadata
stack at sp + 6 slots: 0x00000007020f7998 is an oop: java.lang.Class 
{0x00000007020f7998} - klass: 'java/lang/Class'
 - ---- fields (total size 14 words):
 - private volatile transient 'classRedefinedCount' 'I' @12  0 (0x00000000)
 - injected 'klass' 'J' @16  1584843656112 (0x00000171000b0bb0)
 - injected 'array_klass' 'J' @24  0 (0x0000000000000000)
 - injected 'oop_size' 'I' @32  14 (0x0000000e)
 - injected 'static_oop_field_count' 'I' @36  0 (0x00000000)
 - private volatile transient 'cachedConstructor' 'Ljava/lang/reflect/Constructor;' @40  null (0x00000000)
 - private transient 'name' 'Ljava/lang/String;' @44  null (0x00000000)
 - private transient 'module' 'Ljava/lang/Module;' @48  a 'java/lang/Module'{0x0000000702104780} (0xe04208f0)
 - private final 'classLoader' 'Ljava/lang/ClassLoader;' @52  null (0x00000000)
 - private transient 'classData' 'Ljava/lang/Object;' @56  null (0x00000000)
 - private transient 'packageName' 'Ljava/lang/String;' @60  null (0x00000000)
 - private final 'componentType' 'Ljava/lang/Class;' @64  null (0x00000000)
 - private volatile transient 'reflectionData' 'Ljava/lang/ref/SoftReference;' @68  null (0x00000000)
 - private volatile transient 'genericInfo' 'Lsun/reflect/generics/repository/ClassRepository;' @72  null (0x00000000)
 - private volatile transient 'enumConstants' '[Ljava/lang/Object;' @76  null (0x00000000)
 - private volatile transient 'enumConstantDirectory' 'Ljava/util/Map;' @80  null (0x00000000)
 - private volatile transient 'annotationData' 'Ljava/lang/Class$AnnotationData;' @84  null (0x00000000)
 - private volatile transient 'annotationType' 'Lsun/reflect/annotation/AnnotationType;' @88  null (0x00000000)
 - transient 'classValueMap' 'Ljava/lang/ClassValue$ClassValueMap;' @92  null (0x00000000)
 - injected 'protection_domain' 'Ljava/lang/Object;' @96  null (0x00000000)
 - injected 'signers_name' 'Ljava/lang/Object;' @100  null (0x00000000)
 - injected 'source_file' 'Ljava/lang/Object;' @104  null (0x00000000)
 - injected '<init_lock>' 'Ljava/lang/Object;' @108  null (0x00000000)
 - signature: Ljava/lang/invoke/DirectMethodHandle$Holder;
 - ---- static fields (0):
stack at sp + 7 slots: {method} {0x00000171000b3b30} 'invokeVirtual' '(Ljava/lang/Object;Ljava/lang/Object;)Ljava/lang/Object;' in 'java/lang/invoke/DirectMethodHandle$Holder'

MethodHandle::interpreter_entry::_linkToVirtual [0x0000017152d065e3, 0x0000017152d0664a] (103 bytes)
[MachCode]
  0x0000017152d065e3: 6666 660f | 1f84 0000 | 0000 0066 | 6666 9066 | 660f 1f84 | 0000 0000 | 0066 6666 | 9048 8b53 
  0x0000017152d06603: 080f b752 | 2e48 8b0c | d458 5b50 | 448b 5108 | 49bb 0000 | 0000 7101 | 0000 4d03 | d34c 8b5b 
  0x0000017152d06623: 104b 8b9c | dac0 0100 | 0048 85db | 0f84 1000 | 0000 4180 | bfd8 0500 | 0000 7403 | ff63 38ff 
  0x0000017152d06643: 6350 e9b6 | 
[/MachCode]

---------------  P R O C E S S  ---------------

Threads class SMR info:
_java_thread_list=0x0000017168871ae0, length=31, elements={
0x0000017161bec390, 0x0000017161beea00, 0x0000017161bf1190, 0x0000017161bf3bf0,
0x0000017161bf4640, 0x0000017161bf5090, 0x0000017161bf5e10, 0x000001716602aa80,
0x0000017161bbaae0, 0x00000171661a0ee0, 0x00000171661c9010, 0x00000171661c9690,
0x00000171667fd420, 0x000001716ab59a70, 0x00000171687de2b0, 0x000001716997b4a0,
0x000001716997bb00, 0x000001716761a130, 0x000001716e916060, 0x000001716e918130,
0x000001716e9187c0, 0x000001716e918e50, 0x000001716e9166f0, 0x000001716e917410,
0x000001716e916d80, 0x000001716e917aa0, 0x000001716e9194e0, 0x00000171704a0490,
0x00000171704a3280, 0x00000171704a0b20, 0x00000171704a2560
}

Java Threads: ( => current thread )
  0x0000017161bec390 JavaThread "Reference Handler"          daemon [_thread_blocked, id=2232, stack(0x0000000120900000,0x0000000120a00000) (1024K)]
  0x0000017161beea00 JavaThread "Finalizer"                  daemon [_thread_blocked, id=14968, stack(0x0000000120a00000,0x0000000120b00000) (1024K)]
  0x0000017161bf1190 JavaThread "Signal Dispatcher"          daemon [_thread_blocked, id=4468, stack(0x0000000120b00000,0x0000000120c00000) (1024K)]
  0x0000017161bf3bf0 JavaThread "Attach Listener"            daemon [_thread_blocked, id=11728, stack(0x0000000120c00000,0x0000000120d00000) (1024K)]
  0x0000017161bf4640 JavaThread "Service Thread"             daemon [_thread_blocked, id=13352, stack(0x0000000120d00000,0x0000000120e00000) (1024K)]
  0x0000017161bf5090 JavaThread "Monitor Deflation Thread"   daemon [_thread_blocked, id=9196, stack(0x0000000120e00000,0x0000000120f00000) (1024K)]
  0x0000017161bf5e10 JavaThread "C2 CompilerThread0"         daemon [_thread_blocked, id=10276, stack(0x0000000120f00000,0x0000000121000000) (1024K)]
  0x000001716602aa80 JavaThread "C1 CompilerThread0"         daemon [_thread_blocked, id=16936, stack(0x0000000121000000,0x0000000121100000) (1024K)]
  0x0000017161bbaae0 JavaThread "Common-Cleaner"             daemon [_thread_blocked, id=17636, stack(0x0000000121100000,0x0000000121200000) (1024K)]
  0x00000171661a0ee0 JavaThread "JDWP Transport Listener: dt_socket" daemon [_thread_blocked, id=7360, stack(0x0000000121300000,0x0000000121400000) (1024K)]
  0x00000171661c9010 JavaThread "JDWP Event Helper Thread"   daemon [_thread_blocked, id=12840, stack(0x0000000121400000,0x0000000121500000) (1024K)]
  0x00000171661c9690 JavaThread "JDWP Command Reader"        daemon [_thread_in_native, id=14876, stack(0x0000000121500000,0x0000000121600000) (1024K)]
  0x00000171667fd420 JavaThread "Notification Thread"        daemon [_thread_blocked, id=13820, stack(0x0000000121700000,0x0000000121800000) (1024K)]
  0x000001716ab59a70 JavaThread "Catalina-utility-1"                [_thread_blocked, id=17112, stack(0x0000000121b00000,0x0000000121c00000) (1024K)]
  0x00000171687de2b0 JavaThread "Catalina-utility-2"                [_thread_blocked, id=12104, stack(0x0000000121c00000,0x0000000121d00000) (1024K)]
  0x000001716997b4a0 JavaThread "container-0"                       [_thread_blocked, id=10324, stack(0x0000000121d00000,0x0000000121e00000) (1024K)]
  0x000001716997bb00 JavaThread "mysql-cj-abandoned-connection-cleanup" daemon [_thread_blocked, id=4344, stack(0x0000000121e00000,0x0000000121f00000) (1024K)]
  0x000001716761a130 JavaThread "HikariPool-1:housekeeper"   daemon [_thread_blocked, id=13868, stack(0x0000000122000000,0x0000000122100000) (1024K)]
=>0x000001716e916060 JavaThread "http-nio-8080-exec-1"       daemon [_thread_in_Java, id=17376, stack(0x0000000122200000,0x0000000122300000) (1024K)]
  0x000001716e918130 JavaThread "http-nio-8080-exec-2"       daemon [_thread_blocked, id=7476, stack(0x0000000122300000,0x0000000122400000) (1024K)]
  0x000001716e9187c0 JavaThread "http-nio-8080-exec-3"       daemon [_thread_blocked, id=11132, stack(0x0000000122400000,0x0000000122500000) (1024K)]
  0x000001716e918e50 JavaThread "http-nio-8080-exec-4"       daemon [_thread_blocked, id=14660, stack(0x0000000122500000,0x0000000122600000) (1024K)]
  0x000001716e9166f0 JavaThread "http-nio-8080-exec-5"       daemon [_thread_blocked, id=4744, stack(0x0000000122600000,0x0000000122700000) (1024K)]
  0x000001716e917410 JavaThread "http-nio-8080-exec-6"       daemon [_thread_blocked, id=4412, stack(0x0000000122700000,0x0000000122800000) (1024K)]
  0x000001716e916d80 JavaThread "http-nio-8080-exec-7"       daemon [_thread_blocked, id=11936, stack(0x0000000122800000,0x0000000122900000) (1024K)]
  0x000001716e917aa0 JavaThread "http-nio-8080-exec-8"       daemon [_thread_blocked, id=10244, stack(0x0000000122900000,0x0000000122a00000) (1024K)]
  0x000001716e9194e0 JavaThread "http-nio-8080-exec-9"       daemon [_thread_blocked, id=7368, stack(0x0000000122a00000,0x0000000122b00000) (1024K)]
  0x00000171704a0490 JavaThread "http-nio-8080-exec-10"      daemon [_thread_blocked, id=18408, stack(0x0000000122b00000,0x0000000122c00000) (1024K)]
  0x00000171704a3280 JavaThread "http-nio-8080-Poller"       daemon [_thread_in_native, id=3408, stack(0x0000000122c00000,0x0000000122d00000) (1024K)]
  0x00000171704a0b20 JavaThread "http-nio-8080-Acceptor"     daemon [_thread_in_native, id=796, stack(0x0000000122d00000,0x0000000122e00000) (1024K)]
  0x00000171704a2560 JavaThread "DestroyJavaVM"                     [_thread_blocked, id=4588, stack(0x0000000120100000,0x0000000120200000) (1024K)]
Total: 31

Other Threads:
  0x0000017161bcb780 VMThread "VM Thread"                           [id=19312, stack(0x0000000120800000,0x0000000120900000) (1024K)]
  0x0000017161bb9290 WatcherThread "VM Periodic Task Thread"        [id=1080, stack(0x0000000120700000,0x0000000120800000) (1024K)]
  0x0000017147cd1d20 WorkerThread "GC Thread#0"                     [id=11080, stack(0x0000000120200000,0x0000000120300000) (1024K)]
  0x0000017166351810 WorkerThread "GC Thread#1"                     [id=15184, stack(0x0000000121800000,0x0000000121900000) (1024K)]
  0x0000017166a7b3e0 WorkerThread "GC Thread#2"                     [id=2384, stack(0x0000000121900000,0x0000000121a00000) (1024K)]
  0x0000017166a7b780 WorkerThread "GC Thread#3"                     [id=8788, stack(0x0000000121a00000,0x0000000121b00000) (1024K)]
  0x0000017147ce2a40 ConcurrentGCThread "G1 Main Marker"            [id=14240, stack(0x0000000120300000,0x0000000120400000) (1024K)]
  0x0000017147ce3d90 WorkerThread "G1 Conc#0"                       [id=8836, stack(0x0000000120400000,0x0000000120500000) (1024K)]
  0x0000017161a7b520 ConcurrentGCThread "G1 Refine#0"               [id=12968, stack(0x0000000120500000,0x0000000120600000) (1024K)]
  0x0000017161a7c690 ConcurrentGCThread "G1 Service"                [id=7904, stack(0x0000000120600000,0x0000000120700000) (1024K)]
Total: 10

Threads with active compile tasks:
Total: 0

VM state: not at safepoint (normal execution)

VM Mutex/Monitor currently owned by a thread: None

Heap address: 0x0000000701c00000, size: 4068 MB, Compressed Oops mode: Zero based, Oop shift amount: 3

CDS archive(s) mapped at: [0x0000017100000000-0x0000017100c80000-0x0000017100c80000), size 13107200, SharedBaseAddress: 0x0000017100000000, ArchiveRelocationMode: 1.
Compressed class space mapped at: 0x0000017101000000-0x0000017141000000, reserved size: 1073741824
Narrow klass base: 0x0000017100000000, Narrow klass shift: 0, Narrow klass range: 0x100000000

GC Precious Log:
 CardTable entry size: 512
 Card Set container configuration: InlinePtr #cards 4 size 8 Array Of Cards #cards 16 size 48 Howl #buckets 8 coarsen threshold 3686 Howl Bitmap #cards 512 size 80 coarsen threshold 460 Card regions per heap region 1 cards per card region 4096
 CPUs: 4 total, 4 available
 Memory: 16264M
 Large Page Support: Disabled
 NUMA Support: Disabled
 Compressed Oops: Enabled (Zero based)
 Heap Region Size: 2M
 Heap Min Capacity: 8M
 Heap Initial Capacity: 256M
 Heap Max Capacity: 4068M
 Pre-touch: Disabled
 Parallel Workers: 4
 Concurrent Workers: 1
 Concurrent Refinement Workers: 4
 Periodic GC: Disabled

Heap:
 garbage-first heap   total 92160K, used 66012K [0x0000000701c00000, 0x0000000800000000)
  region size 2048K, 22 young (45056K), 4 survivors (8192K)
 Metaspace       used 73257K, committed 73984K, reserved 1114112K
  class space    used 9581K, committed 9920K, reserved 1048576K

Heap Regions: E=young(eden), S=young(survivor), O=old, HS=humongous(starts), HC=humongous(continues), CS=collection set, F=free, TAMS=top-at-mark-start, PB=parsable bottom
|   0|0x0000000701c00000, 0x0000000701e00000, 0x0000000701e00000|100%| O|  |TAMS 0x0000000701c00000| PB 0x0000000701c00000| Untracked 
|   1|0x0000000701e00000, 0x0000000702000000, 0x0000000702000000|100%| O|  |TAMS 0x0000000701e00000| PB 0x0000000701e00000| Untracked 
|   2|0x0000000702000000, 0x0000000702200000, 0x0000000702200000|100%| O|  |TAMS 0x0000000702000000| PB 0x0000000702000000| Untracked 
|   3|0x0000000702200000, 0x0000000702200000, 0x0000000702400000|  0%| F|  |TAMS 0x0000000702200000| PB 0x0000000702200000| Untracked 
|   4|0x0000000702400000, 0x0000000702600000, 0x0000000702600000|100%| O|  |TAMS 0x0000000702400000| PB 0x0000000702400000| Untracked 
|   5|0x0000000702600000, 0x0000000702800000, 0x0000000702800000|100%| O|  |TAMS 0x0000000702600000| PB 0x0000000702600000| Untracked 
|   6|0x0000000702800000, 0x0000000702a00000, 0x0000000702a00000|100%| O|  |TAMS 0x0000000702800000| PB 0x0000000702800000| Untracked 
|   7|0x0000000702a00000, 0x0000000702c00000, 0x0000000702c00000|100%| O|  |TAMS 0x0000000702a00000| PB 0x0000000702a00000| Untracked 
|   8|0x0000000702c00000, 0x0000000702e00000, 0x0000000702e00000|100%| O|  |TAMS 0x0000000702c00000| PB 0x0000000702c00000| Untracked 
|   9|0x0000000702e00000, 0x0000000703000000, 0x0000000703000000|100%| O|  |TAMS 0x0000000702e00000| PB 0x0000000702e00000| Untracked 
|  10|0x0000000703000000, 0x0000000703200000, 0x0000000703200000|100%| O|  |TAMS 0x0000000703000000| PB 0x0000000703000000| Untracked 
|  11|0x0000000703200000, 0x0000000703400000, 0x0000000703400000|100%| O|  |TAMS 0x0000000703200000| PB 0x0000000703200000| Untracked 
|  12|0x0000000703400000, 0x0000000703520da0, 0x0000000703600000| 56%| O|  |TAMS 0x0000000703400000| PB 0x0000000703400000| Untracked 
|  13|0x0000000703600000, 0x0000000703600000, 0x0000000703800000|  0%| F|  |TAMS 0x0000000703600000| PB 0x0000000703600000| Untracked 
|  14|0x0000000703800000, 0x0000000703956580, 0x0000000703a00000| 66%| S|CS|TAMS 0x0000000703800000| PB 0x0000000703800000| Complete 
|  15|0x0000000703a00000, 0x0000000703c00000, 0x0000000703c00000|100%| S|CS|TAMS 0x0000000703a00000| PB 0x0000000703a00000| Complete 
|  16|0x0000000703c00000, 0x0000000703e00000, 0x0000000703e00000|100%| S|CS|TAMS 0x0000000703c00000| PB 0x0000000703c00000| Complete 
|  17|0x0000000703e00000, 0x0000000704000000, 0x0000000704000000|100%| S|CS|TAMS 0x0000000703e00000| PB 0x0000000703e00000| Complete 
|  18|0x0000000704000000, 0x0000000704000000, 0x0000000704200000|  0%| F|  |TAMS 0x0000000704000000| PB 0x0000000704000000| Untracked 
|  19|0x0000000704200000, 0x0000000704200000, 0x0000000704400000|  0%| F|  |TAMS 0x0000000704200000| PB 0x0000000704200000| Untracked 
|  20|0x0000000704400000, 0x0000000704400000, 0x0000000704600000|  0%| F|  |TAMS 0x0000000704400000| PB 0x0000000704400000| Untracked 
|  21|0x0000000704600000, 0x0000000704600000, 0x0000000704800000|  0%| F|  |TAMS 0x0000000704600000| PB 0x0000000704600000| Untracked 
|  22|0x0000000704800000, 0x0000000704800000, 0x0000000704a00000|  0%| F|  |TAMS 0x0000000704800000| PB 0x0000000704800000| Untracked 
|  23|0x0000000704a00000, 0x0000000704a00000, 0x0000000704c00000|  0%| F|  |TAMS 0x0000000704a00000| PB 0x0000000704a00000| Untracked 
|  24|0x0000000704c00000, 0x0000000704c00000, 0x0000000704e00000|  0%| F|  |TAMS 0x0000000704c00000| PB 0x0000000704c00000| Untracked 
|  25|0x0000000704e00000, 0x0000000704e00000, 0x0000000705000000|  0%| F|  |TAMS 0x0000000704e00000| PB 0x0000000704e00000| Untracked 
|  26|0x0000000705000000, 0x0000000705000000, 0x0000000705200000|  0%| F|  |TAMS 0x0000000705000000| PB 0x0000000705000000| Untracked 
|  27|0x0000000705200000, 0x00000007052e9bd0, 0x0000000705400000| 45%| E|  |TAMS 0x0000000705200000| PB 0x0000000705200000| Complete 
|  28|0x0000000705400000, 0x0000000705600000, 0x0000000705600000|100%| E|CS|TAMS 0x0000000705400000| PB 0x0000000705400000| Complete 
|  29|0x0000000705600000, 0x0000000705800000, 0x0000000705800000|100%| E|CS|TAMS 0x0000000705600000| PB 0x0000000705600000| Complete 
|  30|0x0000000705800000, 0x0000000705a00000, 0x0000000705a00000|100%| E|CS|TAMS 0x0000000705800000| PB 0x0000000705800000| Complete 
|  31|0x0000000705a00000, 0x0000000705c00000, 0x0000000705c00000|100%| E|CS|TAMS 0x0000000705a00000| PB 0x0000000705a00000| Complete 
|  32|0x0000000705c00000, 0x0000000705e00000, 0x0000000705e00000|100%| E|CS|TAMS 0x0000000705c00000| PB 0x0000000705c00000| Complete 
|  33|0x0000000705e00000, 0x0000000706000000, 0x0000000706000000|100%| E|CS|TAMS 0x0000000705e00000| PB 0x0000000705e00000| Complete 
|  34|0x0000000706000000, 0x0000000706200000, 0x0000000706200000|100%| E|CS|TAMS 0x0000000706000000| PB 0x0000000706000000| Complete 
|  35|0x0000000706200000, 0x0000000706400000, 0x0000000706400000|100%| E|CS|TAMS 0x0000000706200000| PB 0x0000000706200000| Complete 
|  36|0x0000000706400000, 0x0000000706600000, 0x0000000706600000|100%| E|CS|TAMS 0x0000000706400000| PB 0x0000000706400000| Complete 
|  37|0x0000000706600000, 0x0000000706800000, 0x0000000706800000|100%| E|CS|TAMS 0x0000000706600000| PB 0x0000000706600000| Complete 
|  38|0x0000000706800000, 0x0000000706a00000, 0x0000000706a00000|100%| E|CS|TAMS 0x0000000706800000| PB 0x0000000706800000| Complete 
|  39|0x0000000706a00000, 0x0000000706c00000, 0x0000000706c00000|100%| E|CS|TAMS 0x0000000706a00000| PB 0x0000000706a00000| Complete 
|  48|0x0000000707c00000, 0x0000000707e00000, 0x0000000707e00000|100%| E|CS|TAMS 0x0000000707c00000| PB 0x0000000707c00000| Complete 
|  49|0x0000000707e00000, 0x0000000708000000, 0x0000000708000000|100%| E|CS|TAMS 0x0000000707e00000| PB 0x0000000707e00000| Complete 
|  50|0x0000000708000000, 0x0000000708200000, 0x0000000708200000|100%| E|CS|TAMS 0x0000000708000000| PB 0x0000000708000000| Complete 
|  76|0x000000070b400000, 0x000000070b600000, 0x000000070b600000|100%| E|CS|TAMS 0x000000070b400000| PB 0x000000070b400000| Complete 
|  77|0x000000070b600000, 0x000000070b800000, 0x000000070b800000|100%| E|CS|TAMS 0x000000070b600000| PB 0x000000070b600000| Complete 

Card table byte_map: [0x000001715af80000,0x000001715b780000] _byte_map_base: 0x0000017157772000

Marking Bits: (CMBitMap*) 0x0000017147cd2320
 Bits: [0x000001715b780000, 0x000001715f710000)

Polling page: 0x0000017145a00000

Metaspace:

Usage:
  Non-class:     62.18 MB used.
      Class:      9.36 MB used.
       Both:     71.54 MB used.

Virtual space:
  Non-class space:       64.00 MB reserved,      62.56 MB ( 98%) committed,  1 nodes.
      Class space:        1.00 GB reserved,       9.69 MB ( <1%) committed,  1 nodes.
             Both:        1.06 GB reserved,      72.25 MB (  7%) committed. 

Chunk freelists:
   Non-Class:  1.25 MB
       Class:  6.34 MB
        Both:  7.59 MB

MaxMetaspaceSize: unlimited
CompressedClassSpaceSize: 1.00 GB
Initial GC threshold: 21.00 MB
Current GC threshold: 98.44 MB
CDS: on
 - commit_granule_bytes: 65536.
 - commit_granule_words: 8192.
 - virtual_space_node_default_size: 8388608.
 - enlarge_chunks_in_place: 1.
 - use_allocation_guard: 0.


Internal statistics:

num_allocs_failed_limit: 9.
num_arena_births: 1076.
num_arena_deaths: 0.
num_vsnodes_births: 2.
num_vsnodes_deaths: 0.
num_space_committed: 1156.
num_space_uncommitted: 0.
num_chunks_returned_to_freelist: 9.
num_chunks_taken_from_freelist: 3626.
num_chunk_merges: 9.
num_chunk_splits: 2619.
num_chunks_enlarged: 2030.
num_inconsistent_stats: 0.

CodeHeap 'non-profiled nmethods': size=120000Kb used=4083Kb max_used=4083Kb free=115916Kb
 bounds [0x0000017153250000, 0x0000017153650000, 0x000001715a780000]
CodeHeap 'profiled nmethods': size=120000Kb used=12233Kb max_used=12233Kb free=107766Kb
 bounds [0x000001714b780000, 0x000001714c380000, 0x0000017152cb0000]
CodeHeap 'non-nmethods': size=5760Kb used=1807Kb max_used=1915Kb free=3952Kb
 bounds [0x0000017152cb0000, 0x0000017152f20000, 0x0000017153250000]
 total_blobs=7025 nmethods=6264 adapters=665
 compilation: enabled
              stopped_count=0, restarted_count=0
 full_count=0

Compilation events (20 events):
Event: 298.988 Thread 0x0000017161bf5e10 6915       4       java.nio.Buffer::position (52 bytes)
Event: 298.991 Thread 0x0000017161bf5e10 nmethod 6915 0x000001715364bf90 code [0x000001715364c120, 0x000001715364c210]
Event: 303.706 Thread 0x000001716602aa80 6916   !   3       java.util.concurrent.locks.AbstractQueuedSynchronizer$ConditionObject::await (185 bytes)
Event: 303.712 Thread 0x000001716602aa80 nmethod 6916 0x000001714c36d610 code [0x000001714c36d9a0, 0x000001714c36ef38]
Event: 312.206 Thread 0x0000017161bf5e10 6917       4       java.util.Collections$UnmodifiableCollection$1::hasNext (10 bytes)
Event: 312.207 Thread 0x0000017161bf5e10 nmethod 6917 0x000001715364c290 code [0x000001715364c420, 0x000001715364c4d8]
Event: 325.189 Thread 0x000001716602aa80 6918       3       org.apache.catalina.webresources.Cache$$Lambda/0x0000017101970c10::applyAsLong (8 bytes)
Event: 325.190 Thread 0x000001716602aa80 nmethod 6918 0x000001714c36f790 code [0x000001714c36f940, 0x000001714c36fb78]
Event: 325.483 Thread 0x000001716602aa80 6919       3       java.util.concurrent.TimeUnit::toNanos (45 bytes)
Event: 325.483 Thread 0x000001716602aa80 nmethod 6919 0x000001714c36fc90 code [0x000001714c36fe40, 0x000001714c370090]
Event: 330.468 Thread 0x000001716602aa80 6920       3       java.net.Socket::isClosed (13 bytes)
Event: 330.468 Thread 0x000001716602aa80 nmethod 6920 0x000001714c370110 code [0x000001714c3702a0, 0x000001714c3703e0]
Event: 330.483 Thread 0x0000017161bf5e10 6921       4       java.lang.ref.ReferenceQueue::poll0 (65 bytes)
Event: 330.498 Thread 0x0000017161bf5e10 nmethod 6921 0x000001715364c590 code [0x000001715364c720, 0x000001715364ca70]
Event: 335.413 Thread 0x000001716602aa80 6922   !   3       java.net.Socket::getImpl (115 bytes)
Event: 335.417 Thread 0x000001716602aa80 nmethod 6922 0x000001714c370490 code [0x000001714c3707a0, 0x000001714c371890]
Event: 338.707 Thread 0x0000017161bf5e10 6923       4       jdk.internal.misc.Unsafe::putIntOpaque (9 bytes)
Event: 338.709 Thread 0x0000017161bf5e10 nmethod 6923 0x000001715364cb10 code [0x000001715364cca0, 0x000001715364cd38]
Event: 355.207 Thread 0x000001716602aa80 6924       3       java.lang.Long::compare (22 bytes)
Event: 355.208 Thread 0x000001716602aa80 nmethod 6924 0x000001714c372110 code [0x000001714c3722c0, 0x000001714c3724a0]

GC Heap History (20 events):
Event: 5.478 GC heap before
{Heap before GC invocations=9 (full 0):
 garbage-first heap   total 159744K, used 70197K [0x0000000701c00000, 0x0000000800000000)
  region size 2048K, 29 young (59392K), 2 survivors (4096K)
 Metaspace       used 35429K, committed 35968K, reserved 1114112K
  class space    used 4356K, committed 4608K, reserved 1048576K
}
Event: 5.484 GC heap after
{Heap after GC invocations=10 (full 0):
 garbage-first heap   total 159744K, used 20754K [0x0000000701c00000, 0x0000000800000000)
  region size 2048K, 3 young (6144K), 3 survivors (6144K)
 Metaspace       used 35429K, committed 35968K, reserved 1114112K
  class space    used 4356K, committed 4608K, reserved 1048576K
}
Event: 5.943 GC heap before
{Heap before GC invocations=11 (full 0):
 garbage-first heap   total 75776K, used 59666K [0x0000000701c00000, 0x0000000800000000)
  region size 2048K, 23 young (47104K), 3 survivors (6144K)
 Metaspace       used 38807K, committed 39424K, reserved 1114112K
  class space    used 4942K, committed 5248K, reserved 1048576K
}
Event: 5.950 GC heap after
{Heap after GC invocations=12 (full 0):
 garbage-first heap   total 75776K, used 21652K [0x0000000701c00000, 0x0000000800000000)
  region size 2048K, 2 young (4096K), 2 survivors (4096K)
 Metaspace       used 38807K, committed 39424K, reserved 1114112K
  class space    used 4942K, committed 5248K, reserved 1048576K
}
Event: 6.900 GC heap before
{Heap before GC invocations=12 (full 0):
 garbage-first heap   total 75776K, used 62612K [0x0000000701c00000, 0x0000000800000000)
  region size 2048K, 22 young (45056K), 2 survivors (4096K)
 Metaspace       used 45880K, committed 46464K, reserved 1114112K
  class space    used 5751K, committed 6016K, reserved 1048576K
}
Event: 6.906 GC heap after
{Heap after GC invocations=13 (full 0):
 garbage-first heap   total 75776K, used 22600K [0x0000000701c00000, 0x0000000800000000)
  region size 2048K, 3 young (6144K), 3 survivors (6144K)
 Metaspace       used 45880K, committed 46464K, reserved 1114112K
  class space    used 5751K, committed 6016K, reserved 1048576K
}
Event: 7.485 GC heap before
{Heap before GC invocations=13 (full 0):
 garbage-first heap   total 75776K, used 59464K [0x0000000701c00000, 0x0000000800000000)
  region size 2048K, 21 young (43008K), 3 survivors (6144K)
 Metaspace       used 49628K, committed 50176K, reserved 1114112K
  class space    used 6263K, committed 6528K, reserved 1048576K
}
Event: 7.491 GC heap after
{Heap after GC invocations=14 (full 0):
 garbage-first heap   total 75776K, used 24135K [0x0000000701c00000, 0x0000000800000000)
  region size 2048K, 2 young (4096K), 2 survivors (4096K)
 Metaspace       used 49628K, committed 50176K, reserved 1114112K
  class space    used 6263K, committed 6528K, reserved 1048576K
}
Event: 8.040 GC heap before
{Heap before GC invocations=14 (full 0):
 garbage-first heap   total 75776K, used 60999K [0x0000000701c00000, 0x0000000800000000)
  region size 2048K, 21 young (43008K), 2 survivors (4096K)
 Metaspace       used 53449K, committed 54080K, reserved 1114112K
  class space    used 6696K, committed 6976K, reserved 1048576K
}
Event: 8.045 GC heap after
{Heap after GC invocations=15 (full 0):
 garbage-first heap   total 75776K, used 24968K [0x0000000701c00000, 0x0000000800000000)
  region size 2048K, 2 young (4096K), 2 survivors (4096K)
 Metaspace       used 53449K, committed 54080K, reserved 1114112K
  class space    used 6696K, committed 6976K, reserved 1048576K
}
Event: 8.665 GC heap before
{Heap before GC invocations=15 (full 0):
 garbage-first heap   total 75776K, used 63880K [0x0000000701c00000, 0x0000000800000000)
  region size 2048K, 21 young (43008K), 2 survivors (4096K)
 Metaspace       used 58175K, committed 58688K, reserved 1114112K
  class space    used 7499K, committed 7744K, reserved 1048576K
}
Event: 8.671 GC heap after
{Heap after GC invocations=16 (full 0):
 garbage-first heap   total 75776K, used 25554K [0x0000000701c00000, 0x0000000800000000)
  region size 2048K, 2 young (4096K), 2 survivors (4096K)
 Metaspace       used 58175K, committed 58688K, reserved 1114112K
  class space    used 7499K, committed 7744K, reserved 1048576K
}
Event: 8.952 GC heap before
{Heap before GC invocations=16 (full 0):
 garbage-first heap   total 75776K, used 41938K [0x0000000701c00000, 0x0000000800000000)
  region size 2048K, 11 young (22528K), 2 survivors (4096K)
 Metaspace       used 59844K, committed 60416K, reserved 1114112K
  class space    used 7737K, committed 8000K, reserved 1048576K
}
Event: 8.956 GC heap after
{Heap after GC invocations=17 (full 0):
 garbage-first heap   total 75776K, used 25882K [0x0000000701c00000, 0x0000000800000000)
  region size 2048K, 2 young (4096K), 2 survivors (4096K)
 Metaspace       used 59844K, committed 60416K, reserved 1114112K
  class space    used 7737K, committed 8000K, reserved 1048576K
}
Event: 9.622 GC heap before
{Heap before GC invocations=18 (full 0):
 garbage-first heap   total 75776K, used 62746K [0x0000000701c00000, 0x0000000800000000)
  region size 2048K, 20 young (40960K), 2 survivors (4096K)
 Metaspace       used 63237K, committed 63936K, reserved 1114112K
  class space    used 8220K, committed 8512K, reserved 1048576K
}
Event: 9.629 GC heap after
{Heap after GC invocations=19 (full 0):
 garbage-first heap   total 75776K, used 27030K [0x0000000701c00000, 0x0000000800000000)
  region size 2048K, 3 young (6144K), 3 survivors (6144K)
 Metaspace       used 63237K, committed 63936K, reserved 1114112K
  class space    used 8220K, committed 8512K, reserved 1048576K
}
Event: 10.121 GC heap before
{Heap before GC invocations=19 (full 0):
 garbage-first heap   total 75776K, used 59798K [0x0000000701c00000, 0x0000000800000000)
  region size 2048K, 19 young (38912K), 3 survivors (6144K)
 Metaspace       used 66504K, committed 67200K, reserved 1114112K
  class space    used 8660K, committed 8960K, reserved 1048576K
}
Event: 10.129 GC heap after
{Heap after GC invocations=20 (full 0):
 garbage-first heap   total 92160K, used 27958K [0x0000000701c00000, 0x0000000800000000)
  region size 2048K, 3 young (6144K), 3 survivors (6144K)
 Metaspace       used 66504K, committed 67200K, reserved 1114112K
  class space    used 8660K, committed 8960K, reserved 1048576K
}
Event: 11.368 GC heap before
{Heap before GC invocations=20 (full 0):
 garbage-first heap   total 92160K, used 77110K [0x0000000701c00000, 0x0000000800000000)
  region size 2048K, 27 young (55296K), 3 survivors (6144K)
 Metaspace       used 70004K, committed 70720K, reserved 1114112K
  class space    used 9164K, committed 9536K, reserved 1048576K
}
Event: 11.375 GC heap after
{Heap after GC invocations=21 (full 0):
 garbage-first heap   total 92160K, used 31196K [0x0000000701c00000, 0x0000000800000000)
  region size 2048K, 4 young (8192K), 4 survivors (8192K)
 Metaspace       used 70004K, committed 70720K, reserved 1114112K
  class space    used 9164K, committed 9536K, reserved 1048576K
}

Dll operation events (12 events):
Event: 0.011 Loaded shared library C:\eclipse\plugins\org.eclipse.justj.openjdk.hotspot.jre.full.win32.x86_64_21.0.5.v20241023-1957\jre\bin\java.dll
Event: 0.090 Loaded shared library C:\eclipse\plugins\org.eclipse.justj.openjdk.hotspot.jre.full.win32.x86_64_21.0.5.v20241023-1957\jre\bin\zip.dll
Event: 0.471 Loaded shared library C:\eclipse\plugins\org.eclipse.justj.openjdk.hotspot.jre.full.win32.x86_64_21.0.5.v20241023-1957\jre\bin\instrument.dll
Event: 0.487 Loaded shared library C:\eclipse\plugins\org.eclipse.justj.openjdk.hotspot.jre.full.win32.x86_64_21.0.5.v20241023-1957\jre\bin\net.dll
Event: 0.489 Loaded shared library C:\eclipse\plugins\org.eclipse.justj.openjdk.hotspot.jre.full.win32.x86_64_21.0.5.v20241023-1957\jre\bin\nio.dll
Event: 0.495 Loaded shared library C:\eclipse\plugins\org.eclipse.justj.openjdk.hotspot.jre.full.win32.x86_64_21.0.5.v20241023-1957\jre\bin\zip.dll
Event: 0.660 Loaded shared library C:\eclipse\plugins\org.eclipse.justj.openjdk.hotspot.jre.full.win32.x86_64_21.0.5.v20241023-1957\jre\bin\jimage.dll
Event: 0.718 Loaded shared library C:\eclipse\plugins\org.eclipse.justj.openjdk.hotspot.jre.full.win32.x86_64_21.0.5.v20241023-1957\jre\bin\verify.dll
Event: 2.470 Loaded shared library C:\eclipse\plugins\org.eclipse.justj.openjdk.hotspot.jre.full.win32.x86_64_21.0.5.v20241023-1957\jre\bin\sunmscapi.dll
Event: 4.595 Loaded shared library C:\eclipse\plugins\org.eclipse.justj.openjdk.hotspot.jre.full.win32.x86_64_21.0.5.v20241023-1957\jre\bin\management.dll
Event: 4.598 Loaded shared library C:\eclipse\plugins\org.eclipse.justj.openjdk.hotspot.jre.full.win32.x86_64_21.0.5.v20241023-1957\jre\bin\management_ext.dll
Event: 6.252 Loaded shared library C:\eclipse\plugins\org.eclipse.justj.openjdk.hotspot.jre.full.win32.x86_64_21.0.5.v20241023-1957\jre\bin\extnet.dll

Deoptimization events (20 events):
Event: 70.130 Thread 0x000001716e916060 DEOPT PACKING pc=0x000001715347b78c sp=0x00000001222fcd40
Event: 70.130 Thread 0x000001716e916060 DEOPT UNPACKING pc=0x0000017152d046a2 sp=0x00000001222fcc08 mode 2
Event: 70.175 Thread 0x000001716e916060 Uncommon trap: trap_request=0xffffff45 fr.pc=0x00000171534e2840 relative=0x0000000000000220
Event: 70.175 Thread 0x000001716e916060 Uncommon trap: reason=unstable_if action=reinterpret pc=0x00000171534e2840 method=java.lang.String.indexOf(Ljava/lang/String;)I @ 10 c2
Event: 70.175 Thread 0x000001716e916060 DEOPT PACKING pc=0x00000171534e2840 sp=0x00000001222fd7c0
Event: 70.175 Thread 0x000001716e916060 DEOPT UNPACKING pc=0x0000017152d046a2 sp=0x00000001222fd708 mode 2
Event: 70.175 Thread 0x000001716e916060 Uncommon trap: trap_request=0xffffff45 fr.pc=0x00000171533ca488 relative=0x00000000000001e8
Event: 70.175 Thread 0x000001716e916060 Uncommon trap: reason=unstable_if action=reinterpret pc=0x00000171533ca488 method=java.lang.String.indexOf(Ljava/lang/String;)I @ 10 c2
Event: 70.175 Thread 0x000001716e916060 DEOPT PACKING pc=0x00000171533ca488 sp=0x00000001222fd770
Event: 70.175 Thread 0x000001716e916060 DEOPT UNPACKING pc=0x0000017152d046a2 sp=0x00000001222fd710 mode 2
Event: 70.236 Thread 0x000001716e916060 Uncommon trap: trap_request=0xffffffd6 fr.pc=0x000001715359d45c relative=0x000000000000523c
Event: 70.236 Thread 0x000001716e916060 Uncommon trap: reason=array_check action=maybe_recompile pc=0x000001715359d45c method=org.springframework.util.ConcurrentReferenceHashMap$Segment.lambda$doTask$0(Ljava/lang/Object;ILorg/springframework/util/ConcurrentReferenceHashMap$Reference;ILjava/lang
Event: 70.236 Thread 0x000001716e916060 DEOPT PACKING pc=0x000001715359d45c sp=0x00000001222fb9b0
Event: 70.236 Thread 0x000001716e916060 DEOPT UNPACKING pc=0x0000017152d046a2 sp=0x00000001222fb650 mode 2
Event: 75.067 Thread 0x000001716997bb00 Uncommon trap: trap_request=0xffffff45 fr.pc=0x00000171533c9370 relative=0x00000000000001d0
Event: 75.067 Thread 0x000001716997bb00 Uncommon trap: reason=unstable_if action=reinterpret pc=0x00000171533c9370 method=java.lang.StringLatin1.indexOf([B[B)I @ 9 c2
Event: 75.067 Thread 0x000001716997bb00 DEOPT PACKING pc=0x00000171533c9370 sp=0x0000000121efea50
Event: 75.067 Thread 0x000001716997bb00 DEOPT UNPACKING pc=0x0000017152d046a2 sp=0x0000000121efe9f0 mode 2
Event: 362.474 Thread 0x000001716e916060 DEOPT PACKING pc=0x000001714c2b4854 sp=0x00000001222fb830
Event: 362.474 Thread 0x000001716e916060 DEOPT UNPACKING pc=0x0000017152d04e42 sp=0x00000001222facd8 mode 0

Classes loaded (20 events):
Event: 69.907 Loading class sun/nio/ch/SocketAdaptor
Event: 69.907 Loading class sun/nio/ch/SocketAdaptor done
Event: 69.908 Loading class sun/nio/ch/SocketChannelImpl$DefaultOptionsHolder
Event: 69.908 Loading class sun/nio/ch/SocketChannelImpl$DefaultOptionsHolder done
Event: 69.909 Loading class sun/nio/ch/SelectionKeyImpl
Event: 69.909 Loading class java/nio/channels/spi/AbstractSelectionKey
Event: 69.909 Loading class java/nio/channels/SelectionKey
Event: 69.909 Loading class java/nio/channels/SelectionKey done
Event: 69.909 Loading class java/nio/channels/spi/AbstractSelectionKey done
Event: 69.909 Loading class sun/nio/ch/SelectionKeyImpl done
Event: 69.909 Loading class java/lang/invoke/ConstantBootstraps
Event: 69.910 Loading class java/lang/invoke/ConstantBootstraps done
Event: 70.000 Loading class sun/nio/cs/ThreadLocalCoders
Event: 70.000 Loading class sun/nio/cs/ThreadLocalCoders done
Event: 70.000 Loading class sun/nio/cs/ThreadLocalCoders$1
Event: 70.000 Loading class sun/nio/cs/ThreadLocalCoders$Cache
Event: 70.000 Loading class sun/nio/cs/ThreadLocalCoders$Cache done
Event: 70.000 Loading class sun/nio/cs/ThreadLocalCoders$1 done
Event: 70.000 Loading class sun/nio/cs/ThreadLocalCoders$2
Event: 70.001 Loading class sun/nio/cs/ThreadLocalCoders$2 done

Classes unloaded (0 events):
No events

Classes redefined (1 events):
Event: 362.524 Thread 0x0000017161bcb780 redefined class name=com.rahamathcodes.Books_Management.controller.UserController, count=1

Internal exceptions (20 events):
Event: 9.202 Thread 0x0000017147c69f20 Exception <a 'java/lang/NoSuchMethodError'{0x0000000705b772f0}: 'java.lang.Object java.lang.invoke.Invokers$Holder.linkToTargetMethod(java.lang.Object, java.lang.Object, java.lang.Object, java.lang.Object, java.lang.Object, java.lang.Object, int, java.lang.Object)'> (0x0000000705b772f0) 
thrown [s\src\hotspot\share\interpreter\linkResolver.cpp, line 773]
Event: 9.257 Thread 0x0000017147c69f20 Exception <a 'java/lang/NoSuchMethodError'{0x00000007056da5c8}: 'java.lang.Object java.lang.invoke.DirectMethodHandle$Holder.newInvokeSpecial(java.lang.Object, java.lang.Object, int, java.lang.Object, int, java.lang.Object, java.lang.Object)'> (0x00000007056da5c8) 
thrown [s\src\hotspot\share\interpreter\linkResolver.cpp, line 773]
Event: 9.483 Thread 0x0000017147c69f20 Exception <a 'java/lang/NoSuchMethodError'{0x00000007047d3268}: 'java.lang.Object java.lang.invoke.DirectMethodHandle$Holder.invokeSpecial(java.lang.Object, java.lang.Object, int, java.lang.Object, int)'> (0x00000007047d3268) 
thrown [s\src\hotspot\share\interpreter\linkResolver.cpp, line 773]
Event: 9.528 Thread 0x0000017147c69f20 Exception <a 'java/lang/NoSuchMethodError'{0x000000070453af18}: 'void java.lang.invoke.Invokers$Holder.invokeExact_MT(java.lang.Object, java.lang.Object, java.lang.Object, java.lang.Object)'> (0x000000070453af18) 
thrown [s\src\hotspot\share\interpreter\linkResolver.cpp, line 773]
Event: 9.621 Thread 0x0000017147c69f20 Exception <a 'java/lang/IncompatibleClassChangeError'{0x0000000703fe7c00}: Found class java.lang.Object, but interface was expected> (0x0000000703fe7c00) 
thrown [s\src\hotspot\share\interpreter\linkResolver.cpp, line 840]
Event: 9.679 Thread 0x0000017147c69f20 Exception <a 'java/lang/IncompatibleClassChangeError'{0x00000007080a1530}: Found class java.lang.Object, but interface was expected> (0x00000007080a1530) 
thrown [s\src\hotspot\share\interpreter\linkResolver.cpp, line 840]
Event: 9.782 Thread 0x0000017147c69f20 Exception <a 'java/lang/IncompatibleClassChangeError'{0x0000000705bd8d38}: Found class java.lang.Object, but interface was expected> (0x0000000705bd8d38) 
thrown [s\src\hotspot\share\interpreter\linkResolver.cpp, line 840]
Event: 10.042 Thread 0x0000017147c69f20 Exception <a 'java/lang/IncompatibleClassChangeError'{0x0000000704b15878}: Found class java.lang.Object, but interface was expected> (0x0000000704b15878) 
thrown [s\src\hotspot\share\interpreter\linkResolver.cpp, line 840]
Event: 10.043 Thread 0x0000017147c69f20 Exception <a 'java/lang/IncompatibleClassChangeError'{0x0000000704b1adf8}: Found class java.lang.Object, but interface was expected> (0x0000000704b1adf8) 
thrown [s\src\hotspot\share\interpreter\linkResolver.cpp, line 840]
Event: 10.523 Thread 0x0000017147c69f20 Exception <a 'java/lang/NoSuchMethodError'{0x0000000707cdb640}: 'java.lang.Object java.lang.invoke.DirectMethodHandle$Holder.newInvokeSpecial(java.lang.Object, java.lang.Object, java.lang.Object, java.lang.Object, java.lang.Object, java.lang.Object, java.lang.Object, java.lang.Object)'> (0x0000000707cdb640) 
thrown [s\src\hotspot\share\interpreter\linkResolver.cpp, line 773]
Event: 11.001 Thread 0x0000017147c69f20 Exception <a 'java/lang/IncompatibleClassChangeError'{0x0000000705da7130}: Found class java.lang.Object, but interface was expected> (0x0000000705da7130) 
thrown [s\src\hotspot\share\interpreter\linkResolver.cpp, line 840]
Event: 11.397 Thread 0x0000017147c69f20 Exception <a 'java/lang/NoSuchMethodError'{0x000000070b7d5078}: 'java.lang.Object java.lang.invoke.DirectMethodHandle$Holder.invokeSpecial(java.lang.Object, java.lang.Object, int, int, int, int)'> (0x000000070b7d5078) 
thrown [s\src\hotspot\share\interpreter\linkResolver.cpp, line 773]
Event: 11.452 Thread 0x0000017147c69f20 Exception <a 'java/lang/NoSuchMethodError'{0x0000000707e9ccb8}: 'int java.lang.invoke.DirectMethodHandle$Holder.invokeStaticInit(java.lang.Object, java.lang.Object, java.lang.Object, java.lang.Object)'> (0x0000000707e9ccb8) 
thrown [s\src\hotspot\share\interpreter\linkResolver.cpp, line 773]
Event: 11.515 Thread 0x0000017147c69f20 Exception <a 'java/lang/IncompatibleClassChangeError'{0x0000000707d68398}: Found class java.lang.Object, but interface was expected> (0x0000000707d68398) 
thrown [s\src\hotspot\share\interpreter\linkResolver.cpp, line 840]
Event: 11.569 Thread 0x0000017147c69f20 Exception <a 'java/lang/NoSuchMethodError'{0x0000000706825fe8}: 'java.lang.Object java.lang.invoke.Invokers$Holder.invoke_MT(java.lang.Object, java.lang.Object, java.lang.Object, java.lang.Object, java.lang.Object, java.lang.Object, java.lang.Object, java.lang.Object, java.lang.Object, java.lang.Object, java.lang.Object)'> (0x0000000706825fe8) 
thrown [s\src\hotspot\share\interpreter\linkResolver.cpp, line 773]
Event: 11.666 Thread 0x0000017147c69f20 Exception <a 'java/lang/NoSuchMethodError'{0x00000007067d9208}: 'java.lang.Object java.lang.invoke.DirectMethodHandle$Holder.newInvokeSpecial(java.lang.Object, java.lang.Object, int, java.lang.Object, java.lang.Object)'> (0x00000007067d9208) 
thrown [s\src\hotspot\share\interpreter\linkResolver.cpp, line 773]
Event: 69.904 Thread 0x00000171704a0b20 Exception <a 'java/lang/NoSuchMethodError'{0x0000000705f26a08}: 'java.lang.Object java.lang.invoke.DirectMethodHandle$Holder.invokeStatic(java.lang.Object, java.lang.Object, java.lang.Object, int, int)'> (0x0000000705f26a08) 
thrown [s\src\hotspot\share\interpreter\linkResolver.cpp, line 773]
Event: 69.904 Thread 0x00000171704a0b20 Exception <a 'java/lang/NoSuchMethodError'{0x0000000705f2a1b8}: 'java.lang.Object java.lang.invoke.DirectMethodHandle$Holder.invokeStaticInit(java.lang.Object, java.lang.Object, java.lang.Object, int, int)'> (0x0000000705f2a1b8) 
thrown [s\src\hotspot\share\interpreter\linkResolver.cpp, line 773]
Event: 69.988 Thread 0x000001716e916060 Exception <a 'java/lang/NoSuchMethodError'{0x0000000705a65548}: 'java.lang.Object java.lang.invoke.DirectMethodHandle$Holder.invokeSpecial(java.lang.Object, java.lang.Object, java.lang.Object, java.lang.Object, java.lang.Object, long)'> (0x0000000705a65548) 
thrown [s\src\hotspot\share\interpreter\linkResolver.cpp, line 773]
Event: 69.988 Thread 0x000001716e916060 Exception <a 'java/lang/NoSuchMethodError'{0x0000000705a68d28}: 'java.lang.Object java.lang.invoke.Invokers$Holder.linkToTargetMethod(java.lang.Object, java.lang.Object, java.lang.Object, long, java.lang.Object)'> (0x0000000705a68d28) 
thrown [s\src\hotspot\share\interpreter\linkResolver.cpp, line 773]

ZGC Phase Switch (0 events):
No events

VM Operations (20 events):
Event: 282.986 Executing VM operation: Cleanup
Event: 282.986 Executing VM operation: Cleanup done
Event: 295.091 Executing VM operation: Cleanup
Event: 295.091 Executing VM operation: Cleanup done
Event: 296.105 Executing VM operation: Cleanup
Event: 296.105 Executing VM operation: Cleanup done
Event: 313.247 Executing VM operation: Cleanup
Event: 313.247 Executing VM operation: Cleanup done
Event: 362.474 Executing VM operation: ChangeSingleStep
Event: 362.474 Executing VM operation: ChangeSingleStep done
Event: 362.474 Executing VM operation: ChangeSingleStep
Event: 362.474 Executing VM operation: ChangeSingleStep done
Event: 362.509 Executing VM operation: RedefineClasses
Event: 362.560 Executing VM operation: RedefineClasses done
Event: 362.586 Executing VM operation: ChangeBreakpoints
Event: 362.589 Executing VM operation: ChangeBreakpoints done
Event: 362.618 Executing VM operation: ChangeBreakpoints
Event: 362.620 Executing VM operation: ChangeBreakpoints done
Event: 362.626 Executing VM operation: ChangeSingleStep
Event: 362.626 Executing VM operation: ChangeSingleStep done

Memory protections (0 events):
No events

Nmethod flushes (20 events):
Event: 9.013 Thread 0x0000017161bcb780 flushing  nmethod 0x000001714be5b690
Event: 9.013 Thread 0x0000017161bcb780 flushing  nmethod 0x000001714be6ce90
Event: 9.013 Thread 0x0000017161bcb780 flushing  nmethod 0x000001714be6e490
Event: 9.013 Thread 0x0000017161bcb780 flushing  nmethod 0x000001714bea3b90
Event: 9.013 Thread 0x0000017161bcb780 flushing  nmethod 0x000001714bea5810
Event: 9.013 Thread 0x0000017161bcb780 flushing  nmethod 0x000001714bea7b10
Event: 9.013 Thread 0x0000017161bcb780 flushing  nmethod 0x000001714bea7e10
Event: 9.013 Thread 0x0000017161bcb780 flushing  nmethod 0x000001714bee5a90
Event: 9.013 Thread 0x0000017161bcb780 flushing  nmethod 0x000001714bf31a90
Event: 9.013 Thread 0x0000017161bcb780 flushing  nmethod 0x000001714bf38810
Event: 9.013 Thread 0x0000017161bcb780 flushing  nmethod 0x000001714bf67110
Event: 9.013 Thread 0x0000017161bcb780 flushing  nmethod 0x000001714bf68c90
Event: 9.013 Thread 0x0000017161bcb780 flushing  nmethod 0x000001714bf69510
Event: 9.013 Thread 0x0000017161bcb780 flushing  nmethod 0x000001714bf6fa10
Event: 9.013 Thread 0x0000017161bcb780 flushing  nmethod 0x000001714bff5010
Event: 9.013 Thread 0x0000017161bcb780 flushing  nmethod 0x000001714c00c090
Event: 9.013 Thread 0x0000017161bcb780 flushing  nmethod 0x000001714c00db90
Event: 9.013 Thread 0x0000017161bcb780 flushing  nmethod 0x000001714c03b690
Event: 9.013 Thread 0x0000017161bcb780 flushing  nmethod 0x000001714c03f590
Event: 9.013 Thread 0x0000017161bcb780 flushing  nmethod 0x000001714c041010

Events (20 events):
Event: 6.953 Thread 0x0000017147c69f20 Thread added: 0x000001716761a130
Event: 7.063 Thread 0x000001716761a130 Thread added: 0x0000017167618d80
Event: 11.678 Thread 0x0000017147c69f20 Thread added: 0x000001716e916060
Event: 11.679 Thread 0x0000017147c69f20 Thread added: 0x000001716e918130
Event: 11.679 Thread 0x0000017147c69f20 Thread added: 0x000001716e9187c0
Event: 11.680 Thread 0x0000017147c69f20 Thread added: 0x000001716e918e50
Event: 11.680 Thread 0x0000017147c69f20 Thread added: 0x000001716e9166f0
Event: 11.680 Thread 0x0000017147c69f20 Thread added: 0x000001716e917410
Event: 11.680 Thread 0x0000017147c69f20 Thread added: 0x000001716e916d80
Event: 11.681 Thread 0x0000017147c69f20 Thread added: 0x000001716e917aa0
Event: 11.681 Thread 0x0000017147c69f20 Thread added: 0x000001716e9194e0
Event: 11.681 Thread 0x0000017147c69f20 Thread added: 0x00000171704a0490
Event: 11.699 Thread 0x0000017147c69f20 Thread added: 0x00000171704a3280
Event: 11.701 Thread 0x0000017147c69f20 Thread added: 0x00000171704a0b20
Event: 11.751 Thread 0x0000017147c69f20 Thread exited: 0x0000017147c69f20
Event: 11.751 Thread 0x00000171704a2560 Thread added: 0x00000171704a2560
Event: 12.753 Thread 0x0000017167618d80 Thread exited: 0x0000017167618d80
Event: 14.880 Thread 0x0000017166267830 Thread exited: 0x0000017166267830
Event: 69.929 Thread 0x0000017161bf5e10 Thread added: 0x0000017166267830
Event: 71.378 Thread 0x0000017166267830 Thread exited: 0x0000017166267830


Dynamic libraries:
0x00007ff638270000 - 0x00007ff63827e000 	C:\eclipse\plugins\org.eclipse.justj.openjdk.hotspot.jre.full.win32.x86_64_21.0.5.v20241023-1957\jre\bin\javaw.exe
0x00007ff96c830000 - 0x00007ff96ca28000 	C:\WINDOWS\SYSTEM32\ntdll.dll
0x00007ff96c3a0000 - 0x00007ff96c462000 	C:\WINDOWS\System32\KERNEL32.DLL
0x00007ff96a520000 - 0x00007ff96a816000 	C:\WINDOWS\System32\KERNELBASE.dll
0x00007ff969fe0000 - 0x00007ff96a0e0000 	C:\WINDOWS\System32\ucrtbase.dll
0x00007ff93fab0000 - 0x00007ff93fac8000 	C:\eclipse\plugins\org.eclipse.justj.openjdk.hotspot.jre.full.win32.x86_64_21.0.5.v20241023-1957\jre\bin\jli.dll
0x00007ff96a910000 - 0x00007ff96aaad000 	C:\WINDOWS\System32\USER32.dll
0x00007ff96a820000 - 0x00007ff96a842000 	C:\WINDOWS\System32\win32u.dll
0x00007ff96c710000 - 0x00007ff96c73b000 	C:\WINDOWS\System32\GDI32.dll
0x00007ff969ec0000 - 0x00007ff969fd9000 	C:\WINDOWS\System32\gdi32full.dll
0x00007ff96a130000 - 0x00007ff96a1cd000 	C:\WINDOWS\System32\msvcp_win.dll
0x00007ff963060000 - 0x00007ff96307e000 	C:\eclipse\plugins\org.eclipse.justj.openjdk.hotspot.jre.full.win32.x86_64_21.0.5.v20241023-1957\jre\bin\VCRUNTIME140.dll
0x00007ff95bfa0000 - 0x00007ff95c23a000 	C:\WINDOWS\WinSxS\amd64_microsoft.windows.common-controls_6595b64144ccf1df_6.0.19041.5915_none_60b4b9d171f9c7c7\COMCTL32.dll
0x00007ff96bfa0000 - 0x00007ff96c03e000 	C:\WINDOWS\System32\msvcrt.dll
0x00007ff96c110000 - 0x00007ff96c13f000 	C:\WINDOWS\System32\IMM32.DLL
0x00007ff964450000 - 0x00007ff96445c000 	C:\eclipse\plugins\org.eclipse.justj.openjdk.hotspot.jre.full.win32.x86_64_21.0.5.v20241023-1957\jre\bin\vcruntime140_1.dll
0x00007ff946de0000 - 0x00007ff946e6d000 	C:\eclipse\plugins\org.eclipse.justj.openjdk.hotspot.jre.full.win32.x86_64_21.0.5.v20241023-1957\jre\bin\msvcp140.dll
0x00007ff9152e0000 - 0x00007ff91606f000 	C:\eclipse\plugins\org.eclipse.justj.openjdk.hotspot.jre.full.win32.x86_64_21.0.5.v20241023-1957\jre\bin\server\jvm.dll
0x00007ff96a850000 - 0x00007ff96a901000 	C:\WINDOWS\System32\ADVAPI32.dll
0x00007ff96b4e0000 - 0x00007ff96b57f000 	C:\WINDOWS\System32\sechost.dll
0x00007ff96b3b0000 - 0x00007ff96b4d3000 	C:\WINDOWS\System32\RPCRT4.dll
0x00007ff96a460000 - 0x00007ff96a487000 	C:\WINDOWS\System32\bcrypt.dll
0x00007ff96bed0000 - 0x00007ff96bf3b000 	C:\WINDOWS\System32\WS2_32.dll
0x00007ff969c70000 - 0x00007ff969cbb000 	C:\WINDOWS\SYSTEM32\POWRPROF.dll
0x00007ff955df0000 - 0x00007ff955e17000 	C:\WINDOWS\SYSTEM32\WINMM.dll
0x00007ff961110000 - 0x00007ff96111a000 	C:\WINDOWS\SYSTEM32\VERSION.dll
0x00007ff969c50000 - 0x00007ff969c62000 	C:\WINDOWS\SYSTEM32\UMPDC.dll
0x00007ff9686e0000 - 0x00007ff9686f2000 	C:\WINDOWS\SYSTEM32\kernel.appcore.dll
0x00007ff954e50000 - 0x00007ff954e5a000 	C:\eclipse\plugins\org.eclipse.justj.openjdk.hotspot.jre.full.win32.x86_64_21.0.5.v20241023-1957\jre\bin\jimage.dll
0x00007ff967c00000 - 0x00007ff967e01000 	C:\WINDOWS\SYSTEM32\DBGHELP.DLL
0x00007ff9619d0000 - 0x00007ff961a04000 	C:\WINDOWS\SYSTEM32\dbgcore.DLL
0x00007ff96a490000 - 0x00007ff96a512000 	C:\WINDOWS\System32\bcryptPrimitives.dll
0x00007ff95be30000 - 0x00007ff95be6c000 	C:\eclipse\plugins\org.eclipse.justj.openjdk.hotspot.jre.full.win32.x86_64_21.0.5.v20241023-1957\jre\bin\jdwp.dll
0x00007ff954e40000 - 0x00007ff954e4f000 	C:\eclipse\plugins\org.eclipse.justj.openjdk.hotspot.jre.full.win32.x86_64_21.0.5.v20241023-1957\jre\bin\instrument.dll
0x00007ff937a00000 - 0x00007ff937a1f000 	C:\eclipse\plugins\org.eclipse.justj.openjdk.hotspot.jre.full.win32.x86_64_21.0.5.v20241023-1957\jre\bin\java.dll
0x00007ff96b580000 - 0x00007ff96bcee000 	C:\WINDOWS\System32\SHELL32.dll
0x00007ff967f20000 - 0x00007ff9686c4000 	C:\WINDOWS\SYSTEM32\windows.storage.dll
0x00007ff96abd0000 - 0x00007ff96af23000 	C:\WINDOWS\System32\combase.dll
0x00007ff969880000 - 0x00007ff9698ab000 	C:\WINDOWS\SYSTEM32\Wldp.dll
0x00007ff96c040000 - 0x00007ff96c10d000 	C:\WINDOWS\System32\OLEAUT32.dll
0x00007ff96c740000 - 0x00007ff96c7ed000 	C:\WINDOWS\System32\SHCORE.dll
0x00007ff96c650000 - 0x00007ff96c6ab000 	C:\WINDOWS\System32\shlwapi.dll
0x00007ff969df0000 - 0x00007ff969e14000 	C:\WINDOWS\SYSTEM32\profapi.dll
0x00007ff9379e0000 - 0x00007ff9379f8000 	C:\eclipse\plugins\org.eclipse.justj.openjdk.hotspot.jre.full.win32.x86_64_21.0.5.v20241023-1957\jre\bin\zip.dll
0x00007ff964370000 - 0x00007ff96437b000 	C:\eclipse\plugins\org.eclipse.justj.openjdk.hotspot.jre.full.win32.x86_64_21.0.5.v20241023-1957\jre\bin\dt_socket.dll
0x00007ff969260000 - 0x00007ff96929b000 	C:\WINDOWS\SYSTEM32\IPHLPAPI.DLL
0x00007ff969580000 - 0x00007ff9695ea000 	C:\WINDOWS\system32\mswsock.dll
0x00007ff9692a0000 - 0x00007ff96936a000 	C:\WINDOWS\SYSTEM32\DNSAPI.dll
0x00007ff96af30000 - 0x00007ff96af38000 	C:\WINDOWS\System32\NSI.dll
0x00007ff962310000 - 0x00007ff96231a000 	C:\Windows\System32\rasadhlp.dll
0x00007ff95dfc0000 - 0x00007ff95e040000 	C:\WINDOWS\System32\fwpuclnt.dll
0x00007ff93fe50000 - 0x00007ff93fe60000 	C:\eclipse\plugins\org.eclipse.justj.openjdk.hotspot.jre.full.win32.x86_64_21.0.5.v20241023-1957\jre\bin\net.dll
0x00007ff960a80000 - 0x00007ff960b8a000 	C:\WINDOWS\SYSTEM32\WINHTTP.dll
0x00007ff935700000 - 0x00007ff935716000 	C:\eclipse\plugins\org.eclipse.justj.openjdk.hotspot.jre.full.win32.x86_64_21.0.5.v20241023-1957\jre\bin\nio.dll
0x00007ff963bc0000 - 0x00007ff963bd0000 	C:\eclipse\plugins\org.eclipse.justj.openjdk.hotspot.jre.full.win32.x86_64_21.0.5.v20241023-1957\jre\bin\verify.dll
0x00007ff964360000 - 0x00007ff96436e000 	C:\eclipse\plugins\org.eclipse.justj.openjdk.hotspot.jre.full.win32.x86_64_21.0.5.v20241023-1957\jre\bin\sunmscapi.dll
0x00007ff96a300000 - 0x00007ff96a45d000 	C:\WINDOWS\System32\CRYPT32.dll
0x00007ff9698f0000 - 0x00007ff969917000 	C:\WINDOWS\SYSTEM32\ncrypt.dll
0x00007ff9698b0000 - 0x00007ff9698eb000 	C:\WINDOWS\SYSTEM32\NTASN1.dll
0x00007ff969780000 - 0x00007ff969798000 	C:\WINDOWS\SYSTEM32\CRYPTSP.dll
0x00007ff968ea0000 - 0x00007ff968ed8000 	C:\WINDOWS\system32\rsaenh.dll
0x00007ff969d70000 - 0x00007ff969d9e000 	C:\WINDOWS\SYSTEM32\USERENV.dll
0x00007ff969770000 - 0x00007ff96977c000 	C:\WINDOWS\SYSTEM32\CRYPTBASE.dll
0x00007ff964210000 - 0x00007ff96421a000 	C:\eclipse\plugins\org.eclipse.justj.openjdk.hotspot.jre.full.win32.x86_64_21.0.5.v20241023-1957\jre\bin\management.dll
0x00007ff963bb0000 - 0x00007ff963bbb000 	C:\eclipse\plugins\org.eclipse.justj.openjdk.hotspot.jre.full.win32.x86_64_21.0.5.v20241023-1957\jre\bin\management_ext.dll
0x00007ff96c390000 - 0x00007ff96c398000 	C:\WINDOWS\System32\PSAPI.DLL
0x00007ff9631a0000 - 0x00007ff9631a9000 	C:\eclipse\plugins\org.eclipse.justj.openjdk.hotspot.jre.full.win32.x86_64_21.0.5.v20241023-1957\jre\bin\extnet.dll
0x00007ff963010000 - 0x00007ff963017000 	C:\WINDOWS\system32\wshunix.dll

dbghelp: loaded successfully - version: 4.0.5 - missing functions: none
symbol engine: initialized successfully - sym options: 0x614 - pdb path: .;C:\eclipse\plugins\org.eclipse.justj.openjdk.hotspot.jre.full.win32.x86_64_21.0.5.v20241023-1957\jre\bin;C:\WINDOWS\SYSTEM32;C:\WINDOWS\WinSxS\amd64_microsoft.windows.common-controls_6595b64144ccf1df_6.0.19041.5915_none_60b4b9d171f9c7c7;C:\eclipse\plugins\org.eclipse.justj.openjdk.hotspot.jre.full.win32.x86_64_21.0.5.v20241023-1957\jre\bin\server

VM Arguments:
jvm_args: -XX:+ShowCodeDetailsInExceptionMessages -agentlib:jdwp=transport=dt_socket,suspend=y,address=localhost:49622 -javaagent:C:\eclipse\configuration\org.eclipse.osgi\444\0\.cp\lib\javaagent-shaded.jar -Dfile.encoding=UTF-8 -Dstdout.encoding=UTF-8 -Dstderr.encoding=UTF-8 
java_command: com.rahamathcodes.Books_Management.BooksManagementApplication
java_class_path (initial): C:\Users\Codeboard\Desktop\Training Learnings\Mini-Project\Books_Management\target\classes;C:\Users\Codeboard\.m2\repository\org\springframework\boot\spring-boot-starter-data-jpa\3.5.3\spring-boot-starter-data-jpa-3.5.3.jar;C:\Users\Codeboard\.m2\repository\org\springframework\boot\spring-boot-starter\3.5.3\spring-boot-starter-3.5.3.jar;C:\Users\Codeboard\.m2\repository\org\springframework\boot\spring-boot\3.5.3\spring-boot-3.5.3.jar;C:\Users\Codeboard\.m2\repository\org\springframework\boot\spring-boot-autoconfigure\3.5.3\spring-boot-autoconfigure-3.5.3.jar;C:\Users\Codeboard\.m2\repository\org\springframework\boot\spring-boot-starter-logging\3.5.3\spring-boot-starter-logging-3.5.3.jar;C:\Users\Codeboard\.m2\repository\ch\qos\logback\logback-classic\1.5.18\logback-classic-1.5.18.jar;C:\Users\Codeboard\.m2\repository\ch\qos\logback\logback-core\1.5.18\logback-core-1.5.18.jar;C:\Users\Codeboard\.m2\repository\org\apache\logging\log4j\log4j-to-slf4j\2.24.3\log4j-to-slf4j-2.24.3.jar;C:\Users\Codeboard\.m2\repository\org\apache\logging\log4j\log4j-api\2.24.3\log4j-api-2.24.3.jar;C:\Users\Codeboard\.m2\repository\org\slf4j\jul-to-slf4j\2.0.17\jul-to-slf4j-2.0.17.jar;C:\Users\Codeboard\.m2\repository\jakarta\annotation\jakarta.annotation-api\2.1.1\jakarta.annotation-api-2.1.1.jar;C:\Users\Codeboard\.m2\repository\org\yaml\snakeyaml\2.4\snakeyaml-2.4.jar;C:\Users\Codeboard\.m2\repository\org\springframework\boot\spring-boot-starter-jdbc\3.5.3\spring-boot-starter-jdbc-3.5.3.jar;C:\Users\Codeboard\.m2\repository\com\zaxxer\HikariCP\6.3.0\HikariCP-6.3.0.jar;C:\Users\Codeboard\.m2\repository\org\springframework\spring-jdbc\6.2.8\spring-jdbc-6.2.8.jar;C:\Users\Codeboard\.m2\repository\org\hibernate\orm\hibernate-core\6.6.18.Final\hibernate-core-6.6.18.Final.jar;C:\Users\Codeboard\.m2\repository\jakarta\persistence\jakarta.persistence-api\3.1.0\jakarta.persistence-api-3.1.0.jar;C:\Users\Codeboard\.m2\repository\jakarta\transaction\jakarta.transaction-api\2.0.1\jakarta.transaction-api-2.0.1.jar;C:\Users\Codeboard\.m2\repository\org\jboss\logging\jboss-logging\3.6.1.Final\jboss-logging-3.6.1.Final.jar;C:\Users\Codeboard\.m2\repository\org\hibernate\common\hibernate-commons-annotations\7.0.3.Final\hibernate-commons-annotations-7.0.3.Final.jar;C:\Users\Codeboard\.m2\repository\io\smallrye\jandex\3.2.0\jandex-3.2.0.jar;C:\Users\Codeboard\.m2\repository\com\fasterxml\classmate\1.7.0\classmate-1.7.0.jar;C:\Users\Codeboard\.m2\repository\net\bytebuddy\byte-buddy\1.17.6\byte-buddy-1.17.6.jar;C:\Users\Codeboard\.m2\repository\org\glassfish\jaxb\jaxb-runtime\4.0.5\jaxb-runtime-4.0.5.jar;C:\Users\Codeboard\.m2\repository\org\glassfish\jaxb\jaxb-core\4.0.5\jaxb-core-4.0.5.jar;C:\Users\Codeboard\.m2\repository\org\eclipse\angus\angus-activation\2.0.2\angus-activation-2.0.2.jar;C:\Users\Codeboard\.m2\repository\org\glassfish\jaxb\txw2\4.0.5\txw2-4.0.5.jar;C:\Users\Codeboard\.m2\repository\com\sun\istack\istack-commons-runtime\4.1.2\istack-commons-runtime-4.1.2.jar;C:\Users\Codeboard\.m2\repository\jakarta\inject\jakarta.inject-api\2.0.1\jakarta.inject-api-2.0.1.jar;C:\Users\Codeboard\.m2\repository\org\antlr\antlr4-runtime\4.13.0\antlr4-runtime-4.13.0.jar;C:\Users\Codeboard\.m2\repository\org\springframework\data\spring-data-jpa\3.5.1\spring-data-jpa-3.5.1.jar;C:\Users\Codeboard\.m2\repository\org\springframework\data\spring-data-commons\3.5.1\spring-data-commons-3.5.1.jar;C:\Users\Codeboard\.m2\repository\org\springframework\spring-orm\6.2.8\spring-orm-6.2.8.jar;C:\Users\Codeboard\.m2\repository\org\springframework\spring-context\6.2.8\spring-context-6.2.8.jar;C:\Users\Codeboard\.m2\repository\org\springframework\spring-tx\6.2.8\spring-tx-6.2.8.jar;C:\Users\Codeboard\.m2\repository\org\springframework\spring-beans\6.2.8\spring-beans-6.2.8.jar;C:\Users\Codeboard\.m2\repository\org\slf4j\slf4j-api\2.0.17\slf4j-api-2.0.17.jar;C:\Users\Codeboard\.m2\repository\org\springframework\spring-aspects\6.2.8\spring-aspects-6.2.8.jar;C:\Users\Codeboard\.m2\repository\org\aspectj\aspectjweaver\1.9.24\aspectjweaver-1.9.24.jar;C:\Users\Codeboard\.m2\repository\org\springframework\boot\spring-boot-starter-web\3.5.3\spring-boot-starter-web-3.5.3.jar;C:\Users\Codeboard\.m2\repository\org\springframework\boot\spring-boot-starter-json\3.5.3\spring-boot-starter-json-3.5.3.jar;C:\Users\Codeboard\.m2\repository\com\fasterxml\jackson\core\jackson-databind\2.19.1\jackson-databind-2.19.1.jar;C:\Users\Codeboard\.m2\repository\com\fasterxml\jackson\core\jackson-annotations\2.19.1\jackson-annotations-2.19.1.jar;C:\Users\Codeboard\.m2\repository\com\fasterxml\jackson\core\jackson-core\2.19.1\jackson-core-2.19.1.jar;C:\Users\Codeboard\.m2\repository\com\fasterxml\jackson\datatype\jackson-datatype-jdk8\2.19.1\jackson-datatype-jdk8-2.19.1.jar;C:\Users\Codeboard\.m2\repository\com\fasterxml\jackson\datatype\jackson-datatype-jsr310\2.19.1\jackson-datatype-jsr310-2.19.1.jar;C:\Users\Codeboard\.m2\repository\com\fasterxml\jackson\module\jackson-module-parameter-names\2.19.1\jackson-module-parameter-names-2.19.1.jar;C:\Users\Codeboard\.m2\repository\org\springframework\boot\spring-boot-starter-tomcat\3.5.3\spring-boot-starter-tomcat-3.5.3.jar;C:\Users\Codeboard\.m2\repository\org\apache\tomcat\embed\tomcat-embed-core\10.1.42\tomcat-embed-core-10.1.42.jar;C:\Users\Codeboard\.m2\repository\org\apache\tomcat\embed\tomcat-embed-el\10.1.42\tomcat-embed-el-10.1.42.jar;C:\Users\Codeboard\.m2\repository\org\apache\tomcat\embed\tomcat-embed-websocket\10.1.42\tomcat-embed-websocket-10.1.42.jar;C:\Users\Codeboard\.m2\repository\org\springframework\spring-web\6.2.8\spring-web-6.2.8.jar;C:\Users\Codeboard\.m2\repository\io\micrometer\micrometer-observation\1.15.1\micrometer-observation-1.15.1.jar;C:\Users\Codeboard\.m2\repository\io\micrometer\micrometer-commons\1.15.1\micrometer-commons-1.15.1.jar;C:\Users\Codeboard\.m2\repository\org\springframework\spring-webmvc\6.2.8\spring-webmvc-6.2.8.jar;C:\Users\Codeboard\.m2\repository\org\springframework\spring-expression\6.2.8\spring-expression-6.2.8.jar;C:\Users\Codeboard\.m2\repository\com\mysql\mysql-connector-j\9.2.0\mysql-connector-j-9.2.0.jar;C:\Users\Codeboard\.m2\repository\org\projectlombok\lombok\1.18.38\lombok-1.18.38.jar;C:\Users\Codeboard\.m2\repository\jakarta\xml\bind\jakarta.xml.bind-api\4.0.2\jakarta.xml.bind-api-4.0.2.jar;C:\Users\Codeboard\.m2\repository\jakarta\activation\jakarta.activation-api\2.1.3\jakarta.activation-api-2.1.3.jar;C:\Users\Codeboard\.m2\repository\org\springframework\spring-core\6.2.8\spring-core-6.2.8.jar;C:\Users\Codeboard\.m2\repository\org\springframework\spring-jcl\6.2.8\spring-jcl-6.2.8.jar;C:\Users\Codeboard\.m2\repository\org\springframework\boot\spring-boot-starter-security\3.5.3\spring-boot-starter-security-3.5.3.jar;C:\Users\Codeboard\.m2\repository\org\springframework\spring-aop\6.2.8\spring-aop-6.2.8.jar;C:\Users\Codeboard\.m2\repository\org\springframework\security\spring-security-config\6.5.1\spring-security-config-6.5.1.jar;C:\Users\Codeboard\.m2\repository\org\springframework\security\spring-security-core\6.5.1\spring-security-core-6.5.1.jar;C:\Users\Codeboard\.m2\repository\org\springframework\security\spring-security-crypto\6.5.1\spring-security-crypto-6.5.1.jar;C:\Users\Codeboard\.m2\repository\org\springframework\security\spring-security-web\6.5.1\spring-security-web-6.5.1.jar
Launcher Type: SUN_STANDARD

[Global flags]
     intx CICompilerCount                          = 3                                         {product} {ergonomic}
     uint ConcGCThreads                            = 1                                         {product} {ergonomic}
     uint G1ConcRefinementThreads                  = 4                                         {product} {ergonomic}
   size_t G1HeapRegionSize                         = 2097152                                   {product} {ergonomic}
    uintx GCDrainStackTargetSize                   = 64                                        {product} {ergonomic}
   size_t InitialHeapSize                          = 268435456                                 {product} {ergonomic}
   size_t MarkStackSize                            = 4194304                                   {product} {ergonomic}
   size_t MaxHeapSize                              = 4265607168                                {product} {ergonomic}
   size_t MaxNewSize                               = 2558525440                                {product} {ergonomic}
   size_t MinHeapDeltaBytes                        = 2097152                                   {product} {ergonomic}
   size_t MinHeapSize                              = 8388608                                   {product} {ergonomic}
    uintx NonNMethodCodeHeapSize                   = 5832780                                {pd product} {ergonomic}
    uintx NonProfiledCodeHeapSize                  = 122912730                              {pd product} {ergonomic}
    uintx ProfiledCodeHeapSize                     = 122912730                              {pd product} {ergonomic}
    uintx ReservedCodeCacheSize                    = 251658240                              {pd product} {ergonomic}
     bool SegmentedCodeCache                       = true                                      {product} {ergonomic}
     bool ShowCodeDetailsInExceptionMessages       = true                                   {manageable} {command line}
   size_t SoftMaxHeapSize                          = 4265607168                             {manageable} {ergonomic}
     bool UseCompressedOops                        = true                           {product lp64_product} {ergonomic}
     bool UseG1GC                                  = true                                      {product} {ergonomic}
     bool UseLargePagesIndividualAllocation        = false                                  {pd product} {ergonomic}

Logging:
Log output configuration:
 #0: stdout all=warning uptime,level,tags foldmultilines=false
 #1: stderr all=off uptime,level,tags foldmultilines=false

Environment Variables:
PATH=C:\eclipse\plugins\org.eclipse.justj.openjdk.hotspot.jre.full.win32.x86_64_21.0.5.v20241023-1957\jre\bin;C:/eclipse//plugins/org.eclipse.justj.openjdk.hotspot.jre.full.win32.x86_64_21.0.5.v20241023-1957/jre/bin/server;C:/eclipse//plugins/org.eclipse.justj.openjdk.hotspot.jre.full.win32.x86_64_21.0.5.v20241023-1957/jre/bin;C:\app\Codeboard\product\11.2.0\dbhome_1\bin;C:\Program Files\Common Files\Oracle\Java\javapath;C:\Program Files (x86)\Common Files\Oracle\Java\java8path;C:\Program Files (x86)\Common Files\Oracle\Java\javapath;C:\WINDOWS\system32;C:\WINDOWS;C:\WINDOWS\System32\Wbem;C:\WINDOWS\System32\WindowsPowerShell\v1.0\;C:\WINDOWS\System32\OpenSSH\;C:\Program Files\Git\cmd;C:\Program Files\nodejs\;C:\Program Files\Java\jdk-21\bin;C:\Program Files\MySQL\MySQL Shell 8.0\bin\;C:\Users\Codeboard\AppData\Local\Microsoft\WindowsApps;C:\Users\Codeboard\AppData\Local\Programs\Microsoft VS Code\bin;C:\Users\Codeboard\AppData\Roaming\npm;C:\Program Files\MongoDB\Server\8.0\bin;;C:\eclipse;
USERNAME=Codeboard
OS=Windows_NT
PROCESSOR_IDENTIFIER=Intel64 Family 6 Model 142 Stepping 9, GenuineIntel
TMP=C:\Users\CODEBO~1\AppData\Local\Temp
TEMP=C:\Users\CODEBO~1\AppData\Local\Temp




Periodic native trim disabled

---------------  S Y S T E M  ---------------

OS:
 Windows 10 , 64 bit Build 19041 (10.0.19041.5915)
OS uptime: 5 days 19:18 hours

CPU: total 4 (initial active 4) (2 cores per cpu, 2 threads per core) family 6 model 142 stepping 9 microcode 0xf6, cx8, cmov, fxsr, ht, mmx, 3dnowpref, sse, sse2, sse3, ssse3, sse4.1, sse4.2, popcnt, lzcnt, tsc, tscinvbit, avx, avx2, aes, erms, clmul, bmi1, bmi2, rtm, adx, fma, vzeroupper, clflush, clflushopt, rdtscp, f16c
Processor Information for all 4 processors :
  Max Mhz: 2904, Current Mhz: 2803, Mhz Limit: 2787

Memory: 4k page, system-wide physical 16264M (5550M free)
TotalPageFile size 21647M (AvailPageFile size 2873M)
current process WorkingSet (physical memory assigned to process): 280M, peak: 356M
current process commit charge ("private bytes"): 305M, peak: 409M

vm_info: OpenJDK 64-Bit Server VM (21.0.5+11-LTS) for windows-amd64 JRE (21.0.5+11-LTS), built on 2024-10-15T00:00:00Z by "admin" with MS VC++ 17.7 (VS2022)

END.
